<?xml version="1.0" encoding="UTF-8"?>
<testng-results ignored="0" total="1" passed="1" failed="0" skipped="0">
  <reporter-output>
  </reporter-output>
  <suite started-at="2022-11-17T18:07:56 IST" name="Suite" finished-at="2022-11-17T18:09:30 IST" duration-ms="93875">
    <groups>
    </groups>
    <test started-at="2022-11-17T18:07:56 IST" name="FunctionalApproverWorkflow" finished-at="2022-11-17T18:09:30 IST" duration-ms="93875">
      <class name="tests.functional_PO_Approvals.Functional_PO_ApprovalPage">
        <test-method signature="functionalPOapproval(java.lang.String,java.lang.String)[pri:0, instance:tests.functional_PO_Approvals.Functional_PO_ApprovalPage@2e005c4b]" started-at="2022-11-17T18:07:56 IST" name="functionalPOapproval" data-provider="getdata" finished-at="2022-11-17T18:09:30 IST" duration-ms="93827" status="PASS">
          <params>
            <param index="0">
              <value>
                <![CDATA[P20000006@capitaindia.onmicrosoft.com]]>
              </value>
            </param>
            <param index="1">
              <value>
                <![CDATA[Capita#2022]]>
              </value>
            </param>
          </params>
          <reporter-output>
          </reporter-output>
        </test-method> <!-- functionalPOapproval -->
      </class> <!-- tests.functional_PO_Approvals.Functional_PO_ApprovalPage -->
    </test> <!-- FunctionalApproverWorkflow -->
  </suite> <!-- Suite -->
</testng-results>
