<?xml version="1.0" encoding="UTF-8"?>
<!-- Generated by org.testng.reporters.JUnitXMLReporter -->
<testsuite ignored="0" hostname="LMP2NXTHTTFF63" failures="0" tests="2" name="AdminConfigurationForVendor" time="168.051" errors="0" timestamp="2022-12-16T17:35:37 IST">
  <testcase classname="adminConfigurationTests.vendor.DeleteVendorPage" name="deleteVendor" time="58.845"/>
  <testcase classname="adminConfigurationTests.vendor.EditVendorPage" name="editVendor" time="109.155"/>
</testsuite> <!-- AdminConfigurationForVendor -->
