<?xml version="1.0" encoding="UTF-8"?>
<!-- Generated by org.testng.reporters.JUnitXMLReporter -->
<testsuite ignored="0" hostname="LMP2NXTHTTFF63" failures="0" tests="2" name="AdminConfigurationForLocation" time="143.439" errors="0" timestamp="2022-12-12T14:21:39 IST">
  <testcase classname="adminConfigurationTests.location.DeleteLocationPage" name="deletelocation" time="59.407"/>
  <testcase classname="adminConfigurationTests.location.EditLocationPage" name="editlocation" time="83.97"/>
</testsuite> <!-- AdminConfigurationForLocation -->
