<?xml version="1.0" encoding="UTF-8"?>
<!-- Generated by org.testng.reporters.JUnitXMLReporter -->
<testsuite ignored="0" hostname="LMP2NXTHTTFF63" failures="0" tests="3" name="AdminConfiguration" time="212.765" errors="0" timestamp="2022-12-06T14:40:50 IST">
  <testcase classname="adminConfigurationTests.department.AddDepartmentPage" name="ViewRequestDisplay" time="64.775"/>
  <testcase classname="adminConfigurationTests.department.DeleteDepartmentPage" name="ViewRequestDisplay" time="81.202"/>
  <testcase classname="adminConfigurationTests.department.EditDepartmentPage" name="ViewRequestDisplay" time="66.739"/>
</testsuite> <!-- AdminConfiguration -->
