<?xml version="1.0" encoding="UTF-8"?>
<!-- Generated by org.testng.reporters.JUnitXMLReporter -->
<testsuite ignored="0" hostname="LMP2NXTHTTFF63" failures="0" tests="7" name="FinanceApproverRequestQueriedByFinanceApproverWorkflow" time="548.608" errors="0" timestamp="2022-12-02T13:56:24 IST">
  <testcase classname="tests.finance_Approver_RequestRaised.Finance_Approver_RequestRaised_Page" name="ITRequestcreation" time="86.364"/>
  <testcase classname="tests.functionalApprover_RequestApprovals.Functional_Approver_Request_ApprovalPage" name="functionalapproval" time="94.178"/>
  <testcase classname="tests.finance_Approver_Queried_Request.Finance_Approver_Queried_RequestPage" name="financeapproval" time="55.157"/>
  <testcase classname="tests.functional_Approver_ModifyReq_WhenQueriedby_FinanceApprover.Functional_Approver_ModifyRequest_WhenQueriedBy_FinanceApproverPage" name="ITRequestcreation" time="60.117"/>
  <testcase classname="tests.finance_Approver_Queried_Request_Approve.Finance_Approver_Queried_Request_ApprovePage" name="financeapproval" time="90.581"/>
  <testcase classname="tests.functional_PO_Approvals.Functional_PO_ApprovalPage" name="functionalPOapproval" time="95.565"/>
  <testcase classname="tests.finance_Approver_View_Requests.Finance_Approver_View_RequestPage" name="ViewRequestDisplay" time="66.592"/>
</testsuite> <!-- FinanceApproverRequestQueriedByFinanceApproverWorkflow -->
