<?xml version="1.0" encoding="UTF-8"?>
<!-- Generated by org.testng.reporters.JUnitXMLReporter -->
<testsuite ignored="0" hostname="LMP2NXTHTTFF63" failures="0" tests="5" name="FinanceRequestInitiateAndApproverWorkflow" time="412.805" errors="0" timestamp="2022-12-02T14:22:30 IST">
  <testcase classname="tests.finance_Approver_RequestRaised.Finance_Approver_RequestRaised_Page" name="ITRequestcreation" time="95.438"/>
  <testcase classname="tests.functionalApprover_RequestApprovals.Functional_Approver_Request_ApprovalPage" name="functionalapproval" time="105.904"/>
  <testcase classname="tests.financeApprover_RequestApprovals.Finance_Approver_Request_ApprovalPage" name="financeapproval" time="62.176"/>
  <testcase classname="tests.functional_PO_Approvals.Functional_PO_ApprovalPage" name="functionalPOapproval" time="84.773"/>
  <testcase classname="tests.finance_Approver_View_Requests.Finance_Approver_View_RequestPage" name="ViewRequestDisplay" time="64.458"/>
</testsuite> <!-- FinanceRequestInitiateAndApproverWorkflow -->
