<?xml version="1.0" encoding="UTF-8"?>
<!-- Generated by org.testng.reporters.JUnitXMLReporter -->
<testsuite ignored="0" hostname="LMP2NXTHTTFF63" failures="0" tests="3" name="FinanceRequestRejectionrWorkflow" time="321.435" errors="0" timestamp="2022-11-25T09:59:26 IST">
  <testcase classname="tests.ITRequests.ITRequestPage" name="ITRequestcreation" time="128.921"/>
  <testcase classname="tests.functionalApprover_RequestApprovals.Functional_Approver_Request_ApprovalPage" name="functionalapproval" time="96.285"/>
  <testcase classname="tests.finance_Approver_RequestReject.Finance_Approver_RequestRejectionPage" name="financeRequestRejection" time="96.175"/>
</testsuite> <!-- FinanceRequestRejectionrWorkflow -->
