<?xml version="1.0" encoding="UTF-8"?>
<!-- Generated by org.testng.reporters.JUnitXMLReporter -->
<testsuite ignored="0" hostname="LMP2NXTHTTFF63" failures="0" tests="4" name="FinanceRequestRejectionrWorkflowForRequestRaisedByITRequestor" time="313.708" errors="0" timestamp="2022-12-02T14:14:53 IST">
  <testcase classname="tests.ITRequests.ITRequestPage" name="ITRequestcreation" time="93.484"/>
  <testcase classname="tests.functionalApprover_RequestApprovals.Functional_Approver_Request_ApprovalPage" name="functionalapproval" time="95.43"/>
  <testcase classname="tests.finance_Approver_RequestReject.Finance_Approver_RequestRejectionPage" name="financeRequestRejection" time="62.497"/>
  <testcase classname="tests.ViewPages.ViewPage" name="ViewRequestDisplay" time="62.236"/>
</testsuite> <!-- FinanceRequestRejectionrWorkflowForRequestRaisedByITRequestor -->
