<?xml version="1.0" encoding="UTF-8"?>
<!-- Generated by org.testng.reporters.JUnitXMLReporter -->
<testsuite ignored="0" hostname="LMP2NXTHTTFF63" failures="0" tests="1" name="FunctionalApproverRequestQueriedByFunctionalApproverWorkflow" time="141.48" errors="0" timestamp="2022-12-01T14:36:08 IST">
  <testcase classname="tests.functional_PO_Approvals.Functional_PO_ApprovalPage" name="functionalPOapproval" time="141.44"/>
</testsuite> <!-- FunctionalApproverRequestQueriedByFunctionalApproverWorkflow -->
