<?xml version="1.0" encoding="UTF-8"?>
<!-- Generated by org.testng.reporters.JUnitXMLReporter -->
<testsuite ignored="0" hostname="LMP2NXTHTTFF63" failures="0" tests="2" name="FunctionalRequestRejectionWorkflowForRequestRaisedByITRequestor" time="153.494" errors="0" timestamp="2022-12-02T14:06:37 IST">
  <testcase classname="tests.functional_Approver_RequestRejection.Functional_Approver_RequestRejectionPage" name="functionalRejection" time="86.464"/>
  <testcase classname="tests.ViewPages.ViewPage" name="ViewRequestDisplay" time="66.976"/>
</testsuite> <!-- FunctionalRequestRejectionWorkflowForRequestRaisedByITRequestor -->
