<?xml version="1.0" encoding="UTF-8"?>
<!-- Generated by org.testng.reporters.JUnitXMLReporter -->
<testsuite ignored="0" hostname="LMP2NXTHTTFF63" failures="0" tests="2" name="FunctionalRequestRejectionrWorkflow" time="192.319" errors="0" timestamp="2022-11-21T17:02:38 IST">
  <testcase classname="tests.ITRequests.ITRequestPage" name="ITRequestcreation" time="96.956"/>
  <testcase classname="tests.functional_Approver_RequestRejection.Functional_Approver_RequestRejectionPage" name="functionalRejection" time="95.314"/>
</testsuite> <!-- FunctionalRequestRejectionrWorkflow -->
