<?xml version="1.0" encoding="UTF-8"?>
<!-- Generated by org.testng.reporters.JUnitXMLReporter -->
<testsuite ignored="0" hostname="LMP2NXTHTTFF63" failures="0" tests="7" name="FunctionalApproverRequestQueriedByFinanceApproverWorkflow" time="479.312" errors="0" timestamp="2022-12-01T17:37:58 IST">
  <testcase classname="tests.functional_Approver_RaisedRequests.FunctionalApprover_RaisedRequestPage" name="ITRequestcreation" time="84.47"/>
  <testcase classname="tests.functionalApprover_RequestApprovals.Functional_Approver_Request_ApprovalPage" name="functionalapproval" time="96.402"/>
  <testcase classname="tests.finance_Approver_Queried_Request.Finance_Approver_Queried_RequestPage" name="financeapproval" time="51.276"/>
  <testcase classname="tests.functional_Approver_ModifyReq_WhenQueriedby_FinanceApprover.Functional_Approver_ModifyRequest_WhenQueriedBy_FinanceApproverPage" name="ITRequestcreation" time="60.162"/>
  <testcase classname="tests.finance_Approver_Queried_Request_Approve.Finance_Approver_Queried_Request_ApprovePage" name="financeapproval" time="43.898"/>
  <testcase classname="tests.functional_PO_Approvals.Functional_PO_ApprovalPage" name="functionalPOapproval" time="85.784"/>
  <testcase classname="tests.functional_Approver_View_Request.Functional_Approver_View_RequestPage" name="ViewRequestDisplay" time="57.269"/>
</testsuite> <!-- FunctionalApproverRequestQueriedByFinanceApproverWorkflow -->
