<?xml version="1.0" encoding="UTF-8"?>
<!-- Generated by org.testng.reporters.JUnitXMLReporter -->
<testsuite ignored="0" hostname="LMP2NXTHTTFF63" failures="0" tests="3" name="FunctionalRequestRejectionWorkflowForRequestRaisedByITRequestor" time="383.457" errors="0" timestamp="2022-12-08T14:44:21 IST">
  <testcase classname="tests.ITRequests.ITRequestPage" name="ITRequestcreation" time="129.73"/>
  <testcase classname="tests.functional_Approver_RequestRejection.Functional_Approver_RequestRejectionPage" name="functionalRejection" time="173.138"/>
  <testcase classname="tests.ViewPages.ViewPage" name="ViewRequestDisplay" time="80.516"/>
</testsuite> <!-- FunctionalRequestRejectionWorkflowForRequestRaisedByITRequestor -->
