<?xml version="1.0" encoding="UTF-8"?>
<!-- Generated by org.testng.reporters.JUnitXMLReporter -->
<testsuite ignored="0" hostname="LMP2NXTHTTFF63" failures="0" tests="5" name="ITRequestorWorkflow" time="482.78" errors="0" timestamp="2022-12-09T12:47:39 IST">
  <testcase classname="tests.ITRequests.ITRequestPage" name="ITRequestCreation" time="112.899"/>
  <testcase classname="tests.functionalApprover_RequestApprovals.Functional_Approver_Request_ApprovalPage" name="FunctionalApproverRequestApproval" time="126.387"/>
  <testcase classname="tests.financeApprover_RequestApprovals.Finance_Approver_Request_ApprovalPage" name="FinanceRequestApproval" time="56.653"/>
  <testcase classname="tests.functional_PO_Approvals.Functional_PO_ApprovalPage" name="FunctionalPOApproval" time="123.146"/>
  <testcase classname="tests.ViewPages.ViewPage" name="ViewRequests" time="63.626"/>
</testsuite> <!-- ITRequestorWorkflow -->
