<?xml version="1.0" encoding="UTF-8"?>
<!-- Generated by org.testng.reporters.JUnitXMLReporter -->
<testsuite ignored="0" hostname="LMP2NXTHTTFF63" failures="0" tests="5" name="ITRequestorWorkflow" time="452.16" errors="0" timestamp="2022-12-08T14:06:47 IST">
  <testcase classname="tests.ITRequests.ITRequestPage" name="ITRequestcreation" time="107.891"/>
  <testcase classname="tests.functionalApprover_RequestApprovals.Functional_Approver_Request_ApprovalPage" name="functionalapproval" time="105.352"/>
  <testcase classname="tests.financeApprover_RequestApprovals.Finance_Approver_Request_ApprovalPage" name="financeapproval" time="63.001"/>
  <testcase classname="tests.functional_PO_Approvals.Functional_PO_ApprovalPage" name="functionalPOapproval" time="98.398"/>
  <testcase classname="tests.ViewPages.ViewPage" name="ViewRequestDisplay" time="77.435"/>
</testsuite> <!-- ITRequestorWorkflow -->
