<?xml version="1.0" encoding="UTF-8"?>
<!-- Generated by org.testng.reporters.JUnitXMLReporter -->
<testsuite ignored="0" hostname="LMP2NXTHTTFF63" failures="1" tests="5" name="ITRequestorWorkflow" time="465.872" errors="0" timestamp="2022-11-29T15:09:25 IST">
  <testcase classname="tests.ITRequests.ITRequestPage" name="ITRequestcreation" time="99.566"/>
  <testcase classname="tests.functionalApprover_RequestApprovals.Functional_Approver_Request_ApprovalPage" name="functionalapproval" time="103.971"/>
  <testcase classname="tests.financeApprover_RequestApprovals.Finance_Approver_Request_ApprovalPage" name="financeapproval" time="76.692"/>
  <testcase classname="tests.functional_PO_Approvals.Functional_PO_ApprovalPage" name="functionalPOapproval" time="112.815"/>
  <testcase classname="tests.ViewPages.ViewPage" name="ViewRequestDisplay" time="72.762">
    <failure type="org.openqa.selenium.NoSuchElementException" message="no such element: Unable to locate element: {&amp;quot;method&amp;quot;:&amp;quot;xpath&amp;quot;,&amp;quot;selector&amp;quot;:&amp;quot;/html/body/div/div[1]/div[1]/section[2]/div/div/div/div/div[1]/div[2]/div/div[2]/div/div/div[2]/table/tbody/tr[5]&amp;quot;}
  (Session info: chrome=106.0.5249.103)
For documentation on this error, please visit: https://www.seleniumhq.org/exceptions/no_such_element.html
Build info: version: &amp;apos;3.141.59&amp;apos;, revision: &amp;apos;e82be7d358&amp;apos;, time: &amp;apos;2018-11-14T08:17:03&amp;apos;
System info: host: &amp;apos;LMP2NXTHTTFF63&amp;apos;, ip: &amp;apos;192.168.0.106&amp;apos;, os.name: &amp;apos;Windows 10&amp;apos;, os.arch: &amp;apos;amd64&amp;apos;, os.version: &amp;apos;10.0&amp;apos;, java.version: &amp;apos;18.0.2&amp;apos;
Driver info: org.openqa.selenium.chrome.ChromeDriver
Capabilities {acceptInsecureCerts: false, browserName: chrome, browserVersion: 106.0.5249.103, chrome: {chromedriverVersion: 106.0.5249.61 (511755355844..., userDataDir: C:\Users\P50044~1\AppData\L...}, goog:chromeOptions: {debuggerAddress: localhost:57502}, javascriptEnabled: true, networkConnectionEnabled: false, pageLoadStrategy: normal, platform: WINDOWS, platformName: WINDOWS, proxy: Proxy(), setWindowRect: true, strictFileInteractability: false, timeouts: {implicit: 0, pageLoad: 300000, script: 30000}, unhandledPromptBehavior: dismiss and notify, webauthn:extension:credBlob: true, webauthn:extension:largeBlob: true, webauthn:virtualAuthenticators: true}
Session ID: e2abb426338c9fb9dc861e506f9f9679
*** Element info: {Using=xpath, value=/html/body/div/div[1]/div[1]/section[2]/div/div/div/div/div[1]/div[2]/div/div[2]/div/div/div[2]/table/tbody/tr[5]}">
      <![CDATA[org.openqa.selenium.NoSuchElementException: no such element: Unable to locate element: {"method":"xpath","selector":"/html/body/div/div[1]/div[1]/section[2]/div/div/div/div/div[1]/div[2]/div/div[2]/div/div/div[2]/table/tbody/tr[5]"}
  (Session info: chrome=106.0.5249.103)
For documentation on this error, please visit: https://www.seleniumhq.org/exceptions/no_such_element.html
Build info: version: '3.141.59', revision: 'e82be7d358', time: '2018-11-14T08:17:03'
System info: host: 'LMP2NXTHTTFF63', ip: '192.168.0.106', os.name: 'Windows 10', os.arch: 'amd64', os.version: '10.0', java.version: '18.0.2'
Driver info: org.openqa.selenium.chrome.ChromeDriver
Capabilities {acceptInsecureCerts: false, browserName: chrome, browserVersion: 106.0.5249.103, chrome: {chromedriverVersion: 106.0.5249.61 (511755355844..., userDataDir: C:\Users\P50044~1\AppData\L...}, goog:chromeOptions: {debuggerAddress: localhost:57502}, javascriptEnabled: true, networkConnectionEnabled: false, pageLoadStrategy: normal, platform: WINDOWS, platformName: WINDOWS, proxy: Proxy(), setWindowRect: true, strictFileInteractability: false, timeouts: {implicit: 0, pageLoad: 300000, script: 30000}, unhandledPromptBehavior: dismiss and notify, webauthn:extension:credBlob: true, webauthn:extension:largeBlob: true, webauthn:virtualAuthenticators: true}
Session ID: e2abb426338c9fb9dc861e506f9f9679
*** Element info: {Using=xpath, value=/html/body/div/div[1]/div[1]/section[2]/div/div/div/div/div[1]/div[2]/div/div[2]/div/div/div[2]/table/tbody/tr[5]}
at org.openqa.selenium.remote.http.W3CHttpResponseCodec.createException(W3CHttpResponseCodec.java:187)
at org.openqa.selenium.remote.http.W3CHttpResponseCodec.decode(W3CHttpResponseCodec.java:122)
at org.openqa.selenium.remote.http.W3CHttpResponseCodec.decode(W3CHttpResponseCodec.java:49)
at org.openqa.selenium.remote.HttpCommandExecutor.execute(HttpCommandExecutor.java:158)
at org.openqa.selenium.remote.service.DriverCommandExecutor.execute(DriverCommandExecutor.java:83)
at org.openqa.selenium.remote.RemoteWebDriver.execute(RemoteWebDriver.java:552)
at org.openqa.selenium.remote.RemoteWebDriver.findElement(RemoteWebDriver.java:323)
at org.openqa.selenium.remote.RemoteWebDriver.findElementByXPath(RemoteWebDriver.java:428)
at org.openqa.selenium.By$ByXPath.findElement(By.java:353)
at org.openqa.selenium.remote.RemoteWebDriver.findElement(RemoteWebDriver.java:315)
at pageObjects.ViewPageObjects.ViewPageObject.getlastrowscroll(ViewPageObject.java:34)
at tests.ViewPages.ViewPage.ViewRequestDisplay(ViewPage.java:46)
at java.base/java.util.ArrayList.forEach(ArrayList.java:1511)
... Removed 28 stack frames]]>
    </failure>
  </testcase> <!-- ViewRequestDisplay -->
</testsuite> <!-- ITRequestorWorkflow -->
