<?xml version="1.0" encoding="UTF-8"?>
<!-- Generated by org.testng.reporters.JUnitXMLReporter -->
<testsuite ignored="0" hostname="LMP2NXTHTTFF63" failures="0" tests="4" name="ITRequestorRequestQueriedByFinanceApproverWorkflow" time="251.621" errors="0" timestamp="2022-12-01T17:08:38 IST">
  <testcase classname="tests.functional_Approver_ModifyReq_WhenQueriedby_FinanceApprover.Functional_Approver_ModifyRequest_WhenQueriedBy_FinanceApproverPage" name="ITRequestcreation" time="56.281"/>
  <testcase classname="tests.finance_Approver_Queried_Request_Approve.Finance_Approver_Queried_Request_ApprovePage" name="financeapproval" time="58.117"/>
  <testcase classname="tests.functional_PO_Approvals.Functional_PO_ApprovalPage" name="functionalPOapproval" time="78.059"/>
  <testcase classname="tests.ViewPages.ViewPage" name="ViewRequestDisplay" time="59.102"/>
</testsuite> <!-- ITRequestorRequestQueriedByFinanceApproverWorkflow -->
