<?xml version="1.0" encoding="UTF-8"?>
<testng-results ignored="0" total="1" passed="1" failed="0" skipped="0">
  <reporter-output>
  </reporter-output>
  <suite started-at="2022-12-02T18:18:25 IST" name="Default suite" finished-at="2022-12-02T18:18:51 IST" duration-ms="26126">
    <groups>
    </groups>
    <test started-at="2022-12-02T18:18:25 IST" name="Default test" finished-at="2022-12-02T18:18:51 IST" duration-ms="26126">
      <class name="adminConfigurationTests.department.DepartmentPage">
        <test-method signature="ViewRequestDisplay(java.lang.String,java.lang.String)[pri:0, instance:adminConfigurationTests.department.DepartmentPage@323b36e0]" started-at="2022-12-02T18:18:25 IST" name="ViewRequestDisplay" data-provider="getdata" finished-at="2022-12-02T18:18:51 IST" duration-ms="26082" status="PASS">
          <params>
            <param index="0">
              <value>
                <![CDATA[P50044121@capitaindia.onmicrosoft.com]]>
              </value>
            </param>
            <param index="1">
              <value>
                <![CDATA[Welcome^123]]>
              </value>
            </param>
          </params>
          <reporter-output>
          </reporter-output>
        </test-method> <!-- ViewRequestDisplay -->
      </class> <!-- adminConfigurationTests.department.DepartmentPage -->
    </test> <!-- Default test -->
  </suite> <!-- Default suite -->
</testng-results>
