<?xml version="1.0" encoding="UTF-8"?>
<testng-results ignored="0" total="2" passed="2" failed="0" skipped="0">
  <reporter-output>
  </reporter-output>
  <suite started-at="2022-12-16T17:32:43 IST" name="Suite" finished-at="2022-12-16T17:35:32 IST" duration-ms="168051">
    <groups>
    </groups>
    <test started-at="2022-12-16T17:32:43 IST" name="AdminConfigurationForVendor" finished-at="2022-12-16T17:35:32 IST" duration-ms="168051">
      <class name="adminConfigurationTests.vendor.EditVendorPage">
        <test-method signature="editVendor(java.lang.String,java.lang.String)[pri:0, instance:adminConfigurationTests.vendor.EditVendorPage@7a5ceedd]" started-at="2022-12-16T17:33:42 IST" name="editVendor" data-provider="getdata" finished-at="2022-12-16T17:35:32 IST" duration-ms="109155" status="PASS">
          <params>
            <param index="0">
              <value>
                <![CDATA[P50044121@capitaindia.onmicrosoft.com]]>
              </value>
            </param>
            <param index="1">
              <value>
                <![CDATA[Welcome^123]]>
              </value>
            </param>
          </params>
          <reporter-output>
          </reporter-output>
        </test-method> <!-- editVendor -->
      </class> <!-- adminConfigurationTests.vendor.EditVendorPage -->
      <class name="adminConfigurationTests.vendor.DeleteVendorPage">
        <test-method signature="deleteVendor(java.lang.String,java.lang.String)[pri:0, instance:adminConfigurationTests.vendor.DeleteVendorPage@6b695b06]" started-at="2022-12-16T17:32:44 IST" name="deleteVendor" data-provider="getdata" finished-at="2022-12-16T17:33:42 IST" duration-ms="58845" status="PASS">
          <params>
            <param index="0">
              <value>
                <![CDATA[P50044121@capitaindia.onmicrosoft.com]]>
              </value>
            </param>
            <param index="1">
              <value>
                <![CDATA[Welcome^123]]>
              </value>
            </param>
          </params>
          <reporter-output>
          </reporter-output>
        </test-method> <!-- deleteVendor -->
      </class> <!-- adminConfigurationTests.vendor.DeleteVendorPage -->
    </test> <!-- AdminConfigurationForVendor -->
  </suite> <!-- Suite -->
</testng-results>
